Information: Performing leakage power optimization. (PWR-850)
CPU Load: 25%, Ram Free: 71 GB, Swap Free: 15 GB, Work Disk Free: 3593 GB, Tmp Disk Free: 85 GB
Analyzing: "/home/anderson.pereira/CIExpert/git-pessoal/assignments/vending_machine/libs/saed32rvt_tt1p05v25c.db"
Library analysis succeeded.
Information: Evaluating DesignWare library utilization. (UISN-27)

============================================================================
| DesignWare Building Block Library  |         Version         | Available |
============================================================================
| Basic DW Building Blocks           | X-2025.06-DWBB_202506.2 |     *     |
| Licensed DW Building Blocks        | X-2025.06-DWBB_202506.2 |     *     |
============================================================================

====================================================================================================
| Flow Information                                                                                 |
----------------------------------------------------------------------------------------------------
| Flow         | Design Compiler WLM                                                               |
| Command Line | compile_ultra -no_autoungroup                                                     |
====================================================================================================
| Design Information                                      | Value                                  |
====================================================================================================
| Number of Scenarios                                     | 0                                      |
| Leaf Cell Count                                         | 240                                    |
| Number of User Hierarchies                              | 5                                      |
| Sequential Cell Count                                   | 99                                     |
| Macro Count                                             | 0                                      |
| Pad Count                                               | 0                                      |
| Number of Power Domains                                 | 0                                      |
| Number of Path Groups                                   | 2                                      |
| Number of VT Class                                      | 1                                      |
| Number of Clocks                                        | 1                                      |
| Number of Dont Touch Cells                              | 62                                     |
| Number of Dont Touch Nets                               | 0                                      |
| Number of Size Only Cells                               | 0                                      |
| Design with Target Library Subset (with clock_path)     | false  (false )                        |
| Design with UPF Data                                    | false                                  |
====================================================================================================
Information: Sequential output inversion is enabled.  SVF file must be used for formal verification. (OPT-1208)

Information: There are 3 potential problems in your design. Please run 'check_design' for more information. (LINT-99)

  Simplifying Design 'vending_top'

Loaded alib file './alib-52/saed32rvt_tt1p05v25c.db.alib'
CPU Load: 27%, Ram Free: 71 GB, Swap Free: 15 GB, Work Disk Free: 3593 GB, Tmp Disk Free: 85 GB
Information: State dependent leakage is now switched from on to off.

  Beginning Pass 1 Mapping
  ------------------------
  Processing 'memory'
Information: The register 'mem_array_reg[3][price][0]' is a constant and will be removed. (OPT-1206)
Information: The register 'mem_array_reg[3][price][1]' is a constant and will be removed. (OPT-1206)
Information: The register 'mem_array_reg[3][price][2]' is a constant and will be removed. (OPT-1206)
Information: The register 'mem_array_reg[3][price][3]' is a constant and will be removed. (OPT-1206)
Information: The register 'mem_array_reg[3][price][4]' is a constant and will be removed. (OPT-1206)
Information: The register 'mem_array_reg[3][price][5]' is a constant and will be removed. (OPT-1206)
Information: The register 'mem_array_reg[3][price][6]' is a constant and will be removed. (OPT-1206)
Information: The register 'mem_array_reg[3][price][7]' is a constant and will be removed. (OPT-1206)
Information: The register 'mem_array_reg[2][price][0]' is a constant and will be removed. (OPT-1206)
Information: The register 'mem_array_reg[2][price][1]' is a constant and will be removed. (OPT-1206)
Information: The register 'mem_array_reg[2][price][2]' is a constant and will be removed. (OPT-1206)
Information: The register 'mem_array_reg[2][price][3]' is a constant and will be removed. (OPT-1206)
Information: The register 'mem_array_reg[2][price][4]' is a constant and will be removed. (OPT-1206)
Information: The register 'mem_array_reg[2][price][5]' is a constant and will be removed. (OPT-1206)
Information: The register 'mem_array_reg[2][price][6]' is a constant and will be removed. (OPT-1206)
Information: The register 'mem_array_reg[2][price][7]' is a constant and will be removed. (OPT-1206)
Information: The register 'mem_array_reg[1][price][0]' is a constant and will be removed. (OPT-1206)
Information: The register 'mem_array_reg[1][price][1]' is a constant and will be removed. (OPT-1206)
Information: The register 'mem_array_reg[1][price][2]' is a constant and will be removed. (OPT-1206)
Information: The register 'mem_array_reg[1][price][3]' is a constant and will be removed. (OPT-1206)
Information: The register 'mem_array_reg[1][price][4]' is a constant and will be removed. (OPT-1206)
Information: The register 'mem_array_reg[1][price][5]' is a constant and will be removed. (OPT-1206)
Information: The register 'mem_array_reg[1][price][6]' is a constant and will be removed. (OPT-1206)
Information: The register 'mem_array_reg[1][price][7]' is a constant and will be removed. (OPT-1206)
Information: The register 'mem_array_reg[0][price][0]' is a constant and will be removed. (OPT-1206)
Information: The register 'mem_array_reg[0][price][1]' is a constant and will be removed. (OPT-1206)
Information: The register 'mem_array_reg[0][price][2]' is a constant and will be removed. (OPT-1206)
Information: The register 'mem_array_reg[0][price][3]' is a constant and will be removed. (OPT-1206)
Information: The register 'mem_array_reg[0][price][4]' is a constant and will be removed. (OPT-1206)
Information: The register 'mem_array_reg[0][price][5]' is a constant and will be removed. (OPT-1206)
Information: The register 'mem_array_reg[0][price][6]' is a constant and will be removed. (OPT-1206)
Information: The register 'mem_array_reg[0][price][7]' is a constant and will be removed. (OPT-1206)
Information: The register 'item_info_reg[price][7]' is a constant and will be removed. (OPT-1206)
 Implement Synthetic for 'memory'.
  Processing 'vending_top'
  Processing 'control_unit'
  Processing 'credit_reg'
 Implement Synthetic for 'credit_reg'.
  Processing 'comparator'
 Implement Synthetic for 'comparator'.
Information: Added key list 'DesignWare' to design 'comparator'. (DDB-72)
  Processing 'subtractor'
 Implement Synthetic for 'subtractor'.
CPU Load: 27%, Ram Free: 71 GB, Swap Free: 15 GB, Work Disk Free: 3593 GB, Tmp Disk Free: 85 GB

  Updating timing information
Information: Updating design information... (UID-85)
Information: The library cell 'PMT3_RVT' in the library 'saed32rvt_tt1p05v25c' is not characterized for internal power. (PWR-536)
Information: The library cell 'PMT2_RVT' in the library 'saed32rvt_tt1p05v25c' is not characterized for internal power. (PWR-536)
Information: The library cell 'PMT1_RVT' in the library 'saed32rvt_tt1p05v25c' is not characterized for internal power. (PWR-536)
Information: The library cell 'NMT3_RVT' in the library 'saed32rvt_tt1p05v25c' is not characterized for internal power. (PWR-536)
Information: The library cell 'NMT2_RVT' in the library 'saed32rvt_tt1p05v25c' is not characterized for internal power. (PWR-536)
Information: The library cell 'NMT1_RVT' in the library 'saed32rvt_tt1p05v25c' is not characterized for internal power. (PWR-536)
Information: The target library(s) contains cell(s), other than black boxes, that are not characterized for internal power. (PWR-24)

Threshold voltage group cell usage:
>> saed32cell_svt 100.00%

  Beginning Mapping Optimizations  (Ultra High effort)
  -------------------------------
Information: Added key list 'DesignWare' to design 'memory'. (DDB-72)
Information: Added key list 'DesignWare' to design 'credit_reg'. (DDB-72)
Information: Added key list 'DesignWare' to design 'subtractor'. (DDB-72)
  Mapping Optimization (Phase 1)

                                  TOTAL                                                
   ELAPSED            WORST NEG   SETUP    DESIGN                              LEAKAGE 
    TIME      AREA      SLACK     COST    RULE COST         ENDPOINT            POWER  
  --------- --------- --------- --------- --------- ------------------------- ---------
    0:00:02     990.4      0.00       0.0       0.0                           131223840.0000
    0:00:02     990.4      0.00       0.0       0.0                           131223840.0000

Threshold voltage group cell usage:
>> saed32cell_svt 100.00%

  Beginning Constant Register Removal
  -----------------------------------

Threshold voltage group cell usage:
>> saed32cell_svt 100.00%

  Beginning Global Optimizations
  ------------------------------
  Numerical Synthesis (Phase 1)
  Numerical Synthesis (Phase 2)
  Global Optimization (Phase 1)
  Global Optimization (Phase 2)
  Global Optimization (Phase 3)
  Global Optimization (Phase 4)
  Global Optimization (Phase 5)
  Global Optimization (Phase 6)
  Global Optimization (Phase 7)
  Global Optimization (Phase 8)
  Global Optimization (Phase 9)
  Global Optimization (Phase 10)
  Global Optimization (Phase 11)
  Global Optimization (Phase 12)
  Global Optimization (Phase 13)
  Global Optimization (Phase 14)
  Global Optimization (Phase 15)
  Global Optimization (Phase 16)
  Global Optimization (Phase 17)
  Global Optimization (Phase 18)
  Global Optimization (Phase 19)
  Global Optimization (Phase 20)
  Global Optimization (Phase 21)
  Global Optimization (Phase 22)
  Global Optimization (Phase 23)
  Global Optimization (Phase 24)
  Global Optimization (Phase 25)
  Global Optimization (Phase 26)
  Global Optimization (Phase 27)
  Global Optimization (Phase 28)
  Global Optimization (Phase 29)
  Global Optimization (Phase 30)

Threshold voltage group cell usage:
>> saed32cell_svt 100.00%

  Beginning Isolate Ports
  -----------------------

Threshold voltage group cell usage:
>> saed32cell_svt 100.00%

  Beginning Delay Optimization
  ----------------------------
    0:00:02     944.7      0.00       0.0       0.0                           111159536.0000
    0:00:02     944.7      0.00       0.0       0.0                           111159536.0000
    0:00:02     944.7      0.00       0.0       0.0                           111159536.0000
    0:00:02     943.1      0.00       0.0       0.0                           110535664.0000

Threshold voltage group cell usage:
>> saed32cell_svt 100.00%
    0:00:02     942.6      0.00       0.0       0.0                           110318656.0000
    0:00:02     942.6      0.00       0.0       0.0                           110318656.0000

  Beginning WLM Backend Optimization
  --------------------------------------
    0:00:02     938.6      0.00       0.0       0.0                           109928312.0000
    0:00:02     938.6      0.00       0.0       0.0                           109928312.0000
    0:00:02     938.6      0.00       0.0       0.0                           109928312.0000
    0:00:02     938.6      0.00       0.0       0.0                           109928312.0000
    0:00:02     938.6      0.00       0.0       0.0                           109928312.0000
    0:00:02     938.6      0.00       0.0       0.0                           109928312.0000
    0:00:02     938.6      0.00       0.0       0.0                           109928312.0000
    0:00:02     938.6      0.00       0.0       0.0                           109928312.0000
    0:00:02     938.6      0.00       0.0       0.0                           109928312.0000
    0:00:02     938.6      0.00       0.0       0.0                           109928312.0000
    0:00:02     938.6      0.00       0.0       0.0                           109928312.0000
    0:00:02     938.6      0.00       0.0       0.0                           109928312.0000
    0:00:02     938.6      0.00       0.0       0.0                           108380576.0000
    0:00:02     938.6      0.00       0.0       0.0                           108380576.0000
    0:00:02     938.6      0.00       0.0       0.0                           108380576.0000
    0:00:02     938.6      0.00       0.0       0.0                           108380576.0000
    0:00:02     938.6      0.00       0.0       0.0                           108380576.0000
    0:00:02     938.6      0.00       0.0       0.0                           108380576.0000

                                  TOTAL                                                
   ELAPSED            WORST NEG   SETUP    DESIGN                              LEAKAGE 
    TIME      AREA      SLACK     COST    RULE COST         ENDPOINT            POWER  
  --------- --------- --------- --------- --------- ------------------------- ---------
    0:00:02     938.6      0.00       0.0       0.0                           108380576.0000
    0:00:03     938.6      0.00       0.0       0.0                           108380576.0000
    0:00:03     938.6      0.00       0.0       0.0                           108380576.0000
    0:00:03     938.6      0.00       0.0       0.0                           108380576.0000
    0:00:03     938.6      0.00       0.0       0.0                           108380576.0000
    0:00:03     938.6      0.00       0.0       0.0                           108380576.0000
    0:00:03     938.6      0.00       0.0       0.0                           108380576.0000
    0:00:03     938.6      0.00       0.0       0.0                           108380576.0000
    0:00:03     938.6      0.00       0.0       0.0                           108380576.0000
    0:00:03     938.6      0.00       0.0       0.0                           108380576.0000
    0:00:03     938.6      0.00       0.0       0.0                           108380576.0000
CPU Load: 27%, Ram Free: 71 GB, Swap Free: 15 GB, Work Disk Free: 3593 GB, Tmp Disk Free: 85 GB
Loading db file '/home/anderson.pereira/CIExpert/git-pessoal/assignments/vending_machine/libs/saed32rvt_tt1p05v25c.db'


Note: Symbol # after min delay cost means estimated hold TNS across all active scenarios 


  Optimization Complete
  ---------------------
Information: State dependent leakage is now switched from off to on.
Information: Propagating switching activity (low effort zero delay simulation). (PWR-6)
CPU Load: 25%, Ram Free: 71 GB, Swap Free: 15 GB, Work Disk Free: 3593 GB, Tmp Disk Free: 85 GB
Information: Total number of MV cells in the design.
----------------------------------------------------------------------------------------------------
 MV Cells                                           Total Number                                   
----------------------------------------------------------------------------------------------------
 Level Shifter:                                     0                                             
 Enable Level Shifter:                              0                                             
 Isolation Cell:                                    0                                             
 Retention Cell:                                    0                                             
 Retention Clamp Cell:                              0                                             
 Switch Cell:                                       0                                             
 Always-On Cell:                                    0                                             
 Repeater Cell:                                     0                                             

----------------------------------------------------------------------------------------------------
Unmapped MV Cells 
----------------------------------------------------------------------------------------------------
0 Isolation Cells are unmapped 
0 Retention Clamp Cells are unmapped 
----------------------------------------------------------------------------------------------------
1
