Command: /home/anderson.pereira/CIExpert/git-pessoal/assignments/vending_machine/build/sim_gls/./simv -l /home/anderson.pereira/CIExpert/git-pessoal/assignments/vending_machine/reports/gls_simulation.log
Chronologic VCS simulator copyright 1991-2025
Contains Synopsys proprietary information.
Compiler version X-2025.06-SP2_Full64; Runtime version X-2025.06-SP2_Full64;  Jul 17 19:01 2026
*Verdi* Loading libsscore_vcs202506.so
FSDB Dumper for VCS, Release Verdi_X-2025.06-SP2, Linux x86_64/64bit, 11/27/2025
(C) 1996 - 2025 by Synopsys, Inc.
*Verdi* : Create FSDB file 'waves.fsdb'
*Verdi* : Begin traversing the scopes, layer (0).
*Verdi* : Enable +struct dumping.
*Verdi* : End of traversing.
*Verdi* : Begin traversing the scope (tb_vending), layer (0).
*Verdi* : End of traversing.

==================================================
SCENARIO 1: Successful purchase with change (Coffee)
==================================================
Buying item: COFFE | Coins inserted: '{COIN_100} 
[PASS] State = IDLE | Expected: 0, Actual: 0
[PASS] State = COLLECT | Expected: 1, Actual: 1
[PASS] State = CHECK | Expected: 2, Actual: 2
[PASS] State = DISPENSE | Expected: 3, Actual: 3
[PASS] Dispense pulse active | Expected: 1, Actual: 1
[PASS] State = CHANGE | Expected: 4, Actual: 4
[PASS] Change returned: 75 cents | Expected: 75, Actual: 75
[PASS] Return to IDLE | Expected: 0, Actual: 0
[PASS] Credit cleared after sale (display = 0) | Expected: 0, Actual: 0

==================================================
SCENARIO 2: Insufficient balance (Snack)
==================================================
Buying item: SNACK | Coins inserted: '{COIN_25} 
[PASS] State = IDLE | Expected: 0, Actual: 0
[PASS] State = COLLECT | Expected: 1, Actual: 1
[PASS] State = CHECK | Expected: 2, Actual: 2
[PASS] State = ERROR | Expected: 5, Actual: 5
[PASS] Error signal asserted | Expected: 1, Actual: 1
[PASS] Stays in ERROR waiting for cancel | Expected: 5, Actual: 5
[PASS] Return to IDLE after cancel | Expected: 0, Actual: 0

==================================================
SCENARIO 3: Cancellation and refund
==================================================
[PASS] State = IDLE | Expected: 0, Actual: 0
[PASS] State = COLLECT | Expected: 1, Actual: 1
[PASS] Full refund via change_out: 200 cents | Expected: 200, Actual: 200
[PASS] Display cleared (credit = 0) | Expected: 0, Actual: 0
[PASS] State = IDLE (Immediate return) | Expected: 0, Actual: 0

==================================================
SCENARIO 4: Out of stock (Attempt to buy Coffee 6 times)
==================================================
--- Coffee purchase attempt 1/5 ---
Buying item: COFFE | Coins inserted: '{COIN_25} 
[PASS] State = IDLE | Expected: 0, Actual: 0
[PASS] State = COLLECT | Expected: 1, Actual: 1
[PASS] State = CHECK | Expected: 2, Actual: 2
[PASS] State = DISPENSE (In stock) | Expected: 3, Actual: 3
[PASS] State = CHANGE | Expected: 4, Actual: 4
[PASS] State = IDLE | Expected: 0, Actual: 0
--- Coffee purchase attempt 2/5 ---
Buying item: COFFE | Coins inserted: '{COIN_25} 
[PASS] State = IDLE | Expected: 0, Actual: 0
[PASS] State = COLLECT | Expected: 1, Actual: 1
[PASS] State = CHECK | Expected: 2, Actual: 2
[PASS] State = DISPENSE (In stock) | Expected: 3, Actual: 3
[PASS] State = CHANGE | Expected: 4, Actual: 4
[PASS] State = IDLE | Expected: 0, Actual: 0
--- Coffee purchase attempt 3/5 ---
Buying item: COFFE | Coins inserted: '{COIN_25} 
[PASS] State = IDLE | Expected: 0, Actual: 0
[PASS] State = COLLECT | Expected: 1, Actual: 1
[PASS] State = CHECK | Expected: 2, Actual: 2
[PASS] State = DISPENSE (In stock) | Expected: 3, Actual: 3
[PASS] State = CHANGE | Expected: 4, Actual: 4
[PASS] State = IDLE | Expected: 0, Actual: 0
--- Coffee purchase attempt 4/5 ---
Buying item: COFFE | Coins inserted: '{COIN_25} 
[PASS] State = IDLE | Expected: 0, Actual: 0
[PASS] State = COLLECT | Expected: 1, Actual: 1
[PASS] State = CHECK | Expected: 2, Actual: 2
[PASS] State = DISPENSE (In stock) | Expected: 3, Actual: 3
[PASS] State = CHANGE | Expected: 4, Actual: 4
[PASS] State = IDLE | Expected: 0, Actual: 0
--- Coffee purchase attempt 5/5 ---
Buying item: COFFE | Coins inserted: '{COIN_25} 
[PASS] State = IDLE | Expected: 0, Actual: 0
[PASS] State = COLLECT | Expected: 1, Actual: 1
[PASS] State = CHECK | Expected: 2, Actual: 2
[PASS] State = DISPENSE (In stock) | Expected: 3, Actual: 3
[PASS] State = CHANGE | Expected: 4, Actual: 4
[PASS] State = IDLE | Expected: 0, Actual: 0
--- Attempt 6 (Stock should be empty) ---
Buying item: COFFE | Coins inserted: '{COIN_25} 
[PASS] State = IDLE | Expected: 0, Actual: 0
[PASS] State = COLLECT | Expected: 1, Actual: 1
[PASS] State = CHECK | Expected: 2, Actual: 2
[PASS] State = ERROR (Out of stock) | Expected: 5, Actual: 5
[PASS] Error signal asserted due to empty stock | Expected: 1, Actual: 1
[PASS] Final return to IDLE | Expected: 0, Actual: 0

==================================================
SIMULATION COMPLETE
==================================================
STATUS: PASSED (0 Errors)



$finish called from file "/home/anderson.pereira/CIExpert/git-pessoal/assignments/vending_machine/sim/tb_vending.sv", line 207.
$finish at simulation time               776000
           V C S   S i m u l a t i o n   R e p o r t 
Time: 776000 ps
CPU Time:      0.450 seconds;       Data structure size:   0.1Mb
Fri Jul 17 19:01:39 2026
