 
****************************************
Report : power
        -analysis_effort low
Design : vending_top
Version: X-2025.06-SP2
Date   : Tue Jul  7 23:17:38 2026
****************************************


Library(s) Used:

    saed32rvt_tt1p05v25c (File: /home/anderson.pereira/CIExpert/git-pessoal/assignments/vending_machine/libs/saed32rvt_tt1p05v25c.db)


Operating Conditions: tt1p05v25c   Library: saed32rvt_tt1p05v25c
Wire Load Model Mode: enclosed

Design        Wire Load Model            Library
------------------------------------------------
vending_top            8000              saed32rvt_tt1p05v25c
credit_reg             ForQA             saed32rvt_tt1p05v25c
memory                 8000              saed32rvt_tt1p05v25c
comparator             ForQA             saed32rvt_tt1p05v25c
subtractor             ForQA             saed32rvt_tt1p05v25c
control_unit           ForQA             saed32rvt_tt1p05v25c


Global Operating Voltage = 1.05 
Power-specific unit information :
    Voltage Units = 1V
    Capacitance Units = 1.000000ff
    Time Units = 1ns
    Dynamic Power Units = 1uW    (derived from V,C,T units)
    Leakage Power Units = 1pW


Attributes
----------
i - Including register clock pin internal power


  Cell Internal Power  =  23.3063 uW   (97%)
  Net Switching Power  = 790.9928 nW    (3%)
                         ---------
Total Dynamic Power    =  24.0972 uW  (100%)

Cell Leakage Power     =  99.9511 uW


                 Internal         Switching           Leakage            Total
Power Group      Power            Power               Power              Power   (   %    )  Attrs
--------------------------------------------------------------------------------------------------
io_pad             0.0000            0.0000            0.0000            0.0000  (   0.00%)
memory             0.0000            0.0000            0.0000            0.0000  (   0.00%)
black_box          0.0000            0.0000            0.0000            0.0000  (   0.00%)
clock_network     21.9196            0.0000            0.0000           21.9196  (  17.67%)  i
register           0.3440            0.1419        6.8262e+07           68.7477  (  55.42%)
sequential         0.0000            0.0000            0.0000            0.0000  (   0.00%)
combinational      1.0427            0.6491        3.1689e+07           33.3811  (  26.91%)
--------------------------------------------------------------------------------------------------
Total             23.3063 uW         0.7910 uW     9.9951e+07 pW       124.0484 uW
1
