 
****************************************
Report : area
Design : vending_top
Version: X-2025.06-SP2
Date   : Tue Jul  7 23:17:38 2026
****************************************

Information: Updating design information... (UID-85)
Library(s) Used:

    saed32rvt_tt1p05v25c (File: /home/anderson.pereira/CIExpert/git-pessoal/assignments/vending_machine/libs/saed32rvt_tt1p05v25c.db)

Number of ports:                          129
Number of nets:                           401
Number of cells:                          285
Number of combinational cells:            213
Number of sequential cells:                66
Number of macros/black boxes:               0
Number of buf/inv:                         52
Number of references:                      12

Combinational area:                501.426113
Buf/Inv area:                       66.077440
Noncombinational area:             437.127694
Macro/Black Box area:                0.000000
Net Interconnect area:             176.695455

Total cell area:                   938.553807
Total area:                       1115.249262

Hierarchical area distribution
------------------------------

                                  Global cell area          Local cell area
                                  ------------------  --------------------------- 
Hierarchical cell                 Absolute   Percent  Combi-    Noncombi-  Black-
                                  Total      Total    national  national   boxes   Design
--------------------------------  ---------  -------  --------  ---------  ------  ------------
vending_top                        938.5538    100.0   34.0553    52.8620  0.0000  vending_top
u_comparator                        39.9006      4.3   39.9006     0.0000  0.0000  comparator
u_control_unit                      50.0664      5.3   29.2266    20.8398  0.0000  control_unit
u_credit_reg                       145.8787     15.5   93.0167    52.8620  0.0000  credit_reg
u_memory                           560.8958     59.8  250.3318   310.5640  0.0000  memory
u_subtractor                        54.8951      5.8   54.8951     0.0000  0.0000  subtractor
--------------------------------  ---------  -------  --------  ---------  ------  ------------
Total                                                 501.4261   437.1277  0.0000

1
