**************************************************
Report         : unmatched_points

Reference      : r:/WORK/vending_top
Implementation : i:/WORK/vending_top
Version        : X-2025.06-SP3
Date           : Fri Jul 17 19:01:43 2026
**************************************************

33 Unmatched points (33 reference, 0 implementation):

  Ref  DFF0X      r:/WORK/vending_top/u_memory/item_info_reg\[price][7]

  Ref  DFF1X      r:/WORK/vending_top/u_memory/mem_array_reg[0]\[price][0]

  Ref  DFF0X      r:/WORK/vending_top/u_memory/mem_array_reg[0]\[price][1]

  Ref  DFF0X      r:/WORK/vending_top/u_memory/mem_array_reg[0]\[price][2]

  Ref  DFF1X      r:/WORK/vending_top/u_memory/mem_array_reg[0]\[price][3]

  Ref  DFF1X      r:/WORK/vending_top/u_memory/mem_array_reg[0]\[price][4]

  Ref  DFF0X      r:/WORK/vending_top/u_memory/mem_array_reg[0]\[price][5]

  Ref  DFF0X      r:/WORK/vending_top/u_memory/mem_array_reg[0]\[price][6]

  Ref  DFF0X      r:/WORK/vending_top/u_memory/mem_array_reg[0]\[price][7]

  Ref  DFF0X      r:/WORK/vending_top/u_memory/mem_array_reg[1]\[price][0]

  Ref  DFF1X      r:/WORK/vending_top/u_memory/mem_array_reg[1]\[price][1]

  Ref  DFF0X      r:/WORK/vending_top/u_memory/mem_array_reg[1]\[price][2]

  Ref  DFF0X      r:/WORK/vending_top/u_memory/mem_array_reg[1]\[price][3]

  Ref  DFF1X      r:/WORK/vending_top/u_memory/mem_array_reg[1]\[price][4]

  Ref  DFF1X      r:/WORK/vending_top/u_memory/mem_array_reg[1]\[price][5]

  Ref  DFF0X      r:/WORK/vending_top/u_memory/mem_array_reg[1]\[price][6]

  Ref  DFF0X      r:/WORK/vending_top/u_memory/mem_array_reg[1]\[price][7]

  Ref  DFF1X      r:/WORK/vending_top/u_memory/mem_array_reg[2]\[price][0]

  Ref  DFF1X      r:/WORK/vending_top/u_memory/mem_array_reg[2]\[price][1]

  Ref  DFF0X      r:/WORK/vending_top/u_memory/mem_array_reg[2]\[price][2]

  Ref  DFF1X      r:/WORK/vending_top/u_memory/mem_array_reg[2]\[price][3]

  Ref  DFF0X      r:/WORK/vending_top/u_memory/mem_array_reg[2]\[price][4]

  Ref  DFF0X      r:/WORK/vending_top/u_memory/mem_array_reg[2]\[price][5]

  Ref  DFF1X      r:/WORK/vending_top/u_memory/mem_array_reg[2]\[price][6]

  Ref  DFF0X      r:/WORK/vending_top/u_memory/mem_array_reg[2]\[price][7]

  Ref  DFF0X      r:/WORK/vending_top/u_memory/mem_array_reg[3]\[price][0]

  Ref  DFF0X      r:/WORK/vending_top/u_memory/mem_array_reg[3]\[price][1]

  Ref  DFF1X      r:/WORK/vending_top/u_memory/mem_array_reg[3]\[price][2]

  Ref  DFF0X      r:/WORK/vending_top/u_memory/mem_array_reg[3]\[price][3]

  Ref  DFF0X      r:/WORK/vending_top/u_memory/mem_array_reg[3]\[price][4]

  Ref  DFF1X      r:/WORK/vending_top/u_memory/mem_array_reg[3]\[price][5]

  Ref  DFF1X      r:/WORK/vending_top/u_memory/mem_array_reg[3]\[price][6]

  Ref  DFF0X      r:/WORK/vending_top/u_memory/mem_array_reg[3]\[price][7]

 [BBNet: multiply-driven net
  BBox:  black-box
  BBPin: black-box pin
  Block: hierarchical block
  BlPin: hierarchical block pin
  Cut:   cut-point
  DFF:   non-constant DFF register
  DFF0:  constant 0 DFF register
  DFF1:  constant 1 DFF register
  DFFX:  constant X DFF register
  DFF0X: constrained 0X DFF register
  DFF1X: constrained 1X DFF register
  LAT:   non-constant latch register
  LAT0:  constant 0 latch register
  LAT1:  constant 1 latch register
  LATX:  constant X latch register
  LAT0X: constrained 0X latch register
  LAT1X: constrained 1X latch register
  LATCG: clock-gating latch register
  TLA:   transparent latch register
  TLA0X: transparent constrained 0X latch register
  TLA1X: transparent constrained 1X latch register
  Loop:  cycle break point
  Net:   matchable net
  Port:  primary (top-level) port
  Und:   undriven signal cut-point
  Unk:   unknown signal cut-point]

1
