 
****************************************
Report : area
Design : vending_top
Version: X-2025.06-SP2
Date   : Fri Jul 17 19:01:30 2026
****************************************

Information: Updating design information... (UID-85)
Library(s) Used:

    saed32rvt_tt1p05v25c (File: /home/anderson.pereira/CIExpert/git-pessoal/assignments/vending_machine/libs/saed32rvt_tt1p05v25c.db)

Number of ports:                          138
Number of nets:                           400
Number of cells:                          283
Number of combinational cells:            212
Number of sequential cells:                66
Number of macros/black boxes:               0
Number of buf/inv:                         49
Number of references:                      11

Combinational area:                500.155393
Buf/Inv area:                       62.265280
Noncombinational area:             437.127694
Macro/Black Box area:                0.000000
Net Interconnect area:             175.938714

Total cell area:                   937.283087
Total area:                       1113.221801

Hierarchical area distribution
------------------------------

                                  Global cell area          Local cell area
                                  ------------------  --------------------------- 
Hierarchical cell                 Absolute   Percent  Combi-    Noncombi-  Black-
                                  Total      Total    national  national   boxes   Design
--------------------------------  ---------  -------  --------  ---------  ------  ------------
vending_top                        937.2831    100.0   28.2100    52.8620  0.0000  vending_top
u_comparator                        39.9006      4.3   39.9006     0.0000  0.0000  comparator
u_control_unit                      53.3702      5.7   32.5304    20.8398  0.0000  control_unit
u_credit_reg                       147.1494     15.7   94.2874    52.8620  0.0000  credit_reg
u_memory                           560.8958     59.8  250.3318   310.5640  0.0000  memory
u_subtractor                        54.8951      5.9   54.8951     0.0000  0.0000  subtractor
--------------------------------  ---------  -------  --------  ---------  ------  ------------
Total                                                 500.1554   437.1277  0.0000

1
