 
****************************************
Report : power
        -analysis_effort low
Design : vending_top
Version: X-2025.06-SP2
Date   : Fri Jul 17 19:55:57 2026
****************************************


Library(s) Used:

    saed32rvt_tt1p05v25c (File: /home/anderson.pereira/CIExpert/git-pessoal/assignments/vending_machine/libs/saed32rvt_tt1p05v25c.db)


Operating Conditions: tt1p05v25c   Library: saed32rvt_tt1p05v25c
Wire Load Model Mode: enclosed

Design        Wire Load Model            Library
------------------------------------------------
vending_top            8000              saed32rvt_tt1p05v25c
credit_reg             ForQA             saed32rvt_tt1p05v25c
memory                 8000              saed32rvt_tt1p05v25c
comparator             ForQA             saed32rvt_tt1p05v25c
subtractor             ForQA             saed32rvt_tt1p05v25c
control_unit           ForQA             saed32rvt_tt1p05v25c


Global Operating Voltage = 1.05 
Power-specific unit information :
    Voltage Units = 1V
    Capacitance Units = 1.000000ff
    Time Units = 1ns
    Dynamic Power Units = 1uW    (derived from V,C,T units)
    Leakage Power Units = 1pW


Attributes
----------
i - Including register clock pin internal power


  Cell Internal Power  =  23.3182 uW   (97%)
  Net Switching Power  = 794.0247 nW    (3%)
                         ---------
Total Dynamic Power    =  24.1122 uW  (100%)

Cell Leakage Power     = 100.0507 uW


                 Internal         Switching           Leakage            Total
Power Group      Power            Power               Power              Power   (   %    )  Attrs
--------------------------------------------------------------------------------------------------
io_pad             0.0000            0.0000            0.0000            0.0000  (   0.00%)
memory             0.0000            0.0000            0.0000            0.0000  (   0.00%)
black_box          0.0000            0.0000            0.0000            0.0000  (   0.00%)
clock_network     21.9196            0.0000            0.0000           21.9196  (  17.65%)  i
register           0.3488            0.1437        6.8262e+07           68.7542  (  55.37%)
sequential         0.0000            0.0000            0.0000            0.0000  (   0.00%)
combinational      1.0499            0.6503        3.1789e+07           33.4891  (  26.97%)
--------------------------------------------------------------------------------------------------
Total             23.3182 uW         0.7940 uW     1.0005e+08 pW       124.1629 uW
1
