 
****************************************
Report : timing
        -path full
        -delay max
        -max_paths 1
Design : vending_top
Version: X-2025.06-SP2
Date   : Fri Jul 17 20:16:31 2026
****************************************

Operating Conditions: tt1p05v25c   Library: saed32rvt_tt1p05v25c
Wire Load Model Mode: enclosed

  Startpoint: u_control_unit/current_state_reg[2]
              (rising edge-triggered flip-flop)
  Endpoint: dispense (output port)
  Path Group: (none)
  Path Type: max

  Des/Clust/Port     Wire Load Model       Library
  ------------------------------------------------
  vending_top        8000                  saed32rvt_tt1p05v25c
  control_unit_test_1
                     ForQA                 saed32rvt_tt1p05v25c

  Point                                                   Incr       Path
  --------------------------------------------------------------------------
  u_control_unit/current_state_reg[2]/CLK (SDFFX1_RVT)
                                                          0.00       0.00 r
  u_control_unit/current_state_reg[2]/QN (SDFFX1_RVT)     0.09       0.09 f
  u_control_unit/U5/Y (AND3X1_RVT)                        0.07       0.16 f
  u_control_unit/dispense (control_unit_test_1)           0.00       0.16 f
  dispense (out)                                          0.00       0.16 f
  data arrival time                                                  0.16
  --------------------------------------------------------------------------
  (Path is unconstrained)


1
