 
****************************************
Report : area
Design : vending_top
Version: X-2025.06-SP2
Date   : Fri Jul 17 20:16:31 2026
****************************************

Information: Updating design information... (UID-85)
Library(s) Used:

    saed32rvt_tt1p05v25c (File: /home/anderson.pereira/CIExpert/git-pessoal/assignments/vending_machine/libs/saed32rvt_tt1p05v25c.db)

Number of ports:                          149
Number of nets:                           424
Number of cells:                          297
Number of combinational cells:            216
Number of sequential cells:                66
Number of macros/black boxes:               0
Number of buf/inv:                         51
Number of references:                      11

Combinational area:                507.779713
Buf/Inv area:                       64.806720
Noncombinational area:             570.299126
Macro/Black Box area:                0.000000
Net Interconnect area:             241.629553

Total cell area:                  1078.078839
Total area:                       1319.708392
1
