  Information: Using test design rule information from previous dft_drc run.
  Architecting Scan Chains

****************************************
Preview_dft report
For    : 'Insert_dft' command
Design : vending_top
Version: X-2025.06-SP2
Date   : Fri Jul 17 20:16:27 2026
****************************************

Number of chains: 1
Scan methodology: full_scan
Scan style: multiplexed_flip_flop
Clock domain: no_mix
Scan enable: scan_enable (no hookup pin)


Scan chain '1' (scan_in --> scan_out) contains 66 cells



************ Test Point Plan Report ************
Total number of test points  : 0
Number of Autofix test points: 0
Number of Wrapper test points: 0
Number of test modes         : 0
Number of test point enables : 0
Number of data sources       : 0
Number of data sinks         : 0
**************************************************

1
