 
****************************************
Report : Scan path
Design : vending_top
Version: X-2025.06-SP2
Date   : Fri Jul 17 20:16:29 2026
****************************************

========================================
TEST MODE: Internal_scan
VIEW     : Existing DFT
========================================

========================================
AS SPECIFIED BY USER
========================================


========================================
AS BUILT BY insert_dft
========================================

Scan_path    Len   ScanDataIn  ScanDataOut ScanEnable  MasterClock SlaveClock
-----------  ----- ----------- ----------- ----------- ----------- -----------
I 1          66    scan_in     scan_out    scan_enable clk         -

1
